[0m[32mTask[0m [0m[36mdev[0m vite

  VITE v7.3.5  ready in 838 ms

  ➜  Local:   http://127.0.0.1:5173/
  ➜  Network: use --host to expose
7:57:47 AM [vite] (ssr) Error when evaluating SSR module fresh:server_entry: Cannot split a chunk that has already been edited (315:245 – "import.meta")
      at MagicString._splitChunk (/app/node_modules/.deno/vite@7.3.5/node_modules/vite/dist/node/chunks/config.js:3587:10)
      at MagicString._split (/app/node_modules/.deno/vite@7.3.5/node_modules/vite/dist/node/chunks/config.js:3578:43)
      at MagicString.update (/app/node_modules/.deno/vite@7.3.5/node_modules/vite/dist/node/chunks/config.js:3402:8)
      at onIdentifier (/app/node_modules/.deno/vite@7.3.5/node_modules/vite/dist/node/chunks/config.js:15576:75)
      at /app/node_modules/.deno/vite@7.3.5/node_modules/vite/dist/node/chunks/config.js:15688:37
      at Array.forEach (<anonymous>)
      at walk$1 (/app/node_modules/.deno/vite@7.3.5/node_modules/vite/dist/node/chunks/config.js:15687:14)
      at ssrTransformScript (/app/node_modules/.deno/vite@7.3.5/node_modules/vite/dist/node/chunks/config.js:15553:2)
      at async loadAndTransform (/app/node_modules/.deno/vite@7.3.5/node_modules/vite/dist/node/chunks/config.js:22777:64)
7:57:47 AM [vite] Internal server error: Cannot split a chunk that has already been edited (315:245 – "import.meta")
      at MagicString._splitChunk (/app/node_modules/.deno/vite@7.3.5/node_modules/vite/dist/node/chunks/config.js:3587:10)
      at MagicString._split (/app/node_modules/.deno/vite@7.3.5/node_modules/vite/dist/node/chunks/config.js:3578:43)
      at MagicString.update (/app/node_modules/.deno/vite@7.3.5/node_modules/vite/dist/node/chunks/config.js:3402:8)
      at onIdentifier (/app/node_modules/.deno/vite@7.3.5/node_modules/vite/dist/node/chunks/config.js:15576:75)
      at /app/node_modules/.deno/vite@7.3.5/node_modules/vite/dist/node/chunks/config.js:15688:37
      at Array.forEach (<anonymous>)
      at walk$1 (/app/node_modules/.deno/vite@7.3.5/node_modules/vite/dist/node/chunks/config.js:15687:14)
      at ssrTransformScript (/app/node_modules/.deno/vite@7.3.5/node_modules/vite/dist/node/chunks/config.js:15553:2)
      at async loadAndTransform (/app/node_modules/.deno/vite@7.3.5/node_modules/vite/dist/node/chunks/config.js:22777:64)
